2024-11-17 10:44:12,170 - INFO - Données de sales enregistrées avec succès dans la couche Bronze.
2024-11-17 10:44:13,582 - INFO - Données de customers enregistrées avec succès dans la couche Bronze.
2024-11-17 10:44:14,507 - INFO - Données de suppliers enregistrées avec succès dans la couche Bronze.
2024-11-17 10:44:15,322 - INFO - Données de products enregistrées avec succès dans la couche Bronze.
2024-11-17 10:44:15,890 - INFO - Closing down clientserver connection
2024-11-17 11:59:33,961 - INFO - Données de sales enregistrées avec succès dans la couche Bronze.
2024-11-17 11:59:35,098 - INFO - Données de customers enregistrées avec succès dans la couche Bronze.
2024-11-17 11:59:36,129 - INFO - Données de suppliers enregistrées avec succès dans la couche Bronze.
2024-11-17 11:59:37,408 - INFO - Données de products enregistrées avec succès dans la couche Bronze.
2024-11-17 11:59:38,095 - INFO - Closing down clientserver connection
2024-11-17 12:55:44,039 - INFO - Données de sales enregistrées avec succès dans la couche Bronze.
2024-11-17 12:55:45,185 - INFO - Données de customers enregistrées avec succès dans la couche Bronze.
2024-11-17 12:55:46,052 - INFO - Données de suppliers enregistrées avec succès dans la couche Bronze.
2024-11-17 12:55:47,086 - INFO - Données de products enregistrées avec succès dans la couche Bronze.
2024-11-17 12:55:47,706 - INFO - Closing down clientserver connection
2024-11-17 13:34:18,140 - INFO - Données de sales enregistrées avec succès dans la couche Bronze.
2024-11-17 13:34:19,555 - INFO - Données de customers enregistrées avec succès dans la couche Bronze.
2024-11-17 13:34:20,707 - INFO - Données de suppliers enregistrées avec succès dans la couche Bronze.
2024-11-17 13:34:21,972 - INFO - Données de products enregistrées avec succès dans la couche Bronze.
2024-11-17 13:34:22,265 - INFO - Closing down clientserver connection
